React Compiler enabled
Starting Metro Bundler
Static rendering is enabled. Learn more: https://docs.expo.dev/router/reference/static-rendering/
Web node_modules\expo-router\entry.js ÔûôÔûôÔûæÔûæÔûæÔûæÔûæÔûæÔûæÔûæÔûæÔûæÔûæÔûæÔûæÔûæ 16.0% (4/7)
╬╗ node_modules\expo-router\node\render.js ÔûôÔûæÔûæÔûæÔûæÔûæÔûæÔûæÔûæÔûæÔûæÔûæÔûæÔûæÔûæÔûæ  8.5% ( 15/108)
Web node_modules\expo-router\entry.js ÔûôÔûôÔûôÔûôÔûôÔûæÔûæÔûæÔûæÔûæÔûæÔûæÔûæÔûæÔûæÔûæ 34.9% ( 21/106)
╬╗ node_modules\expo-router\node\render.js ÔûôÔûôÔûôÔûôÔûôÔûæÔûæÔûæÔûæÔûæÔûæÔûæÔûæÔûæÔûæÔûæ 34.8% (250/424)
Web node_modules\expo-router\entry.js ÔûôÔûôÔûôÔûôÔûôÔûæÔûæÔûæÔûæÔûæÔûæÔûæÔûæÔûæÔûæÔûæ 34.9% (106/262)
╬╗ node_modules\expo-router\node\render.js ÔûôÔûôÔûôÔûôÔûôÔûôÔûôÔûæÔûæÔûæÔûæÔûæÔûæÔûæÔûæÔûæ 44.7% (448/670)
Web node_modules\expo-router\entry.js ÔûôÔûôÔûôÔûôÔûôÔûæÔûæÔûæÔûæÔûæÔûæÔûæÔûæÔûæÔûæÔûæ 34.9% (169/356)
╬╗ node_modules\expo-router\node\render.js ÔûôÔûôÔûôÔûôÔûôÔûôÔûôÔûæÔûæÔûæÔûæÔûæÔûæÔûæÔûæÔûæ 49.0% ( 607/1148)
Web node_modules\expo-router\entry.js ÔûôÔûôÔûôÔûôÔûôÔûôÔûæÔûæÔûæÔûæÔûæÔûæÔûæÔûæÔûæÔûæ 40.1% (310/507)
╬╗ node_modules\expo-router\node\render.js ÔûôÔûôÔûôÔûôÔûôÔûôÔûôÔûæÔûæÔûæÔûæÔûæÔûæÔûæÔûæÔûæ 49.0% ( 746/2964)
Web node_modules\expo-router\entry.js ÔûôÔûôÔûôÔûôÔûôÔûôÔûôÔûæÔûæÔûæÔûæÔûæÔûæÔûæÔûæÔûæ 49.1% (386/551)
╬╗ node_modules\expo-router\node\render.js ÔûôÔûôÔûôÔûôÔûôÔûôÔûôÔûæÔûæÔûæÔûæÔûæÔûæÔûæÔûæÔûæ 49.0% (1193/3471)
Web node_modules\expo-router\entry.js ÔûôÔûôÔûôÔûôÔûôÔûôÔûôÔûôÔûæÔûæÔûæÔûæÔûæÔûæÔûæÔûæ 52.7% (413/569)
╬╗ node_modules\expo-router\node\render.js ÔûôÔûôÔûôÔûôÔûôÔûôÔûôÔûæÔûæÔûæÔûæÔûæÔûæÔûæÔûæÔûæ 49.0% (1953/3471)
Web node_modules\expo-router\entry.js ÔûôÔûôÔûôÔûôÔûôÔûôÔûôÔûôÔûôÔûæÔûæÔûæÔûæÔûæÔûæÔûæ 59.1% (471/615)
╬╗ node_modules\expo-router\node\render.js ÔûôÔûôÔûôÔûôÔûôÔûôÔûôÔûôÔûôÔûôÔûæÔûæÔûæÔûæÔûæÔûæ 67.7% (2874/3496)
Web node_modules\expo-router\entry.js ÔûôÔûôÔûôÔûôÔûôÔûôÔûôÔûôÔûôÔûæÔûæÔûæÔûæÔûæÔûæÔûæ 59.1% ( 514/2390)
╬╗ node_modules\expo-router\node\render.js ÔûôÔûôÔûôÔûôÔûôÔûôÔûôÔûôÔûôÔûôÔûôÔûôÔûôÔûôÔûæÔûæ 91.1% (3365/3525)
Web node_modules\expo-router\entry.js ÔûôÔûôÔûôÔûôÔûôÔûôÔûôÔûôÔûôÔûæÔûæÔûæÔûæÔûæÔûæÔûæ 59.1% ( 646/2853)
╬╗ node_modules\expo-router\node\render.js ÔûôÔûôÔûôÔûôÔûôÔûôÔûôÔûôÔûôÔûôÔûôÔûôÔûôÔûôÔûæÔûæ 93.5% (3501/3621)
Web node_modules\expo-router\entry.js ÔûôÔûôÔûôÔûôÔûôÔûôÔûôÔûôÔûôÔûæÔûæÔûæÔûæÔûæÔûæÔûæ 59.1% (1522/2904)
╬╗ node_modules\expo-router\node\render.js ÔûôÔûôÔûôÔûôÔûôÔûôÔûôÔûôÔûôÔûôÔûôÔûôÔûôÔûôÔûôÔûæ 95.9% (3577/3653)
Web node_modules\expo-router\entry.js ÔûôÔûôÔûôÔûôÔûôÔûôÔûôÔûôÔûôÔûôÔûæÔûæÔûæÔûæÔûæÔûæ 63.3% (2399/3015)
╬╗ node_modules\expo-router\node\render.js ÔûôÔûôÔûôÔûôÔûôÔûôÔûôÔûôÔûôÔûôÔûôÔûôÔûôÔûôÔûôÔûæ 95.9% (3577/3653)
Web node_modules\expo-router\entry.js ÔûôÔûôÔûôÔûôÔûôÔûôÔûôÔûôÔûôÔûôÔûôÔûæÔûæÔûæÔûæÔûæ 74.3% (2985/3464)
╬╗ node_modules\expo-router\node\render.js ÔûôÔûôÔûôÔûôÔûôÔûôÔûôÔûôÔûôÔûôÔûôÔûôÔûôÔûôÔûôÔûæ 97.8% (3682/3723)
Web node_modules\expo-router\entry.js ÔûôÔûôÔûôÔûôÔûôÔûôÔûôÔûôÔûôÔûôÔûôÔûôÔûôÔûôÔûôÔûæ 94.4% (3536/3640)
╬╗ node_modules\expo-router\node\render.js ÔûôÔûôÔûôÔûôÔûôÔûôÔûôÔûôÔûôÔûôÔûôÔûôÔûôÔûôÔûôÔûæ 97.8% (3789/3836)
╬╗ Bundled 51307ms node_modules\expo-router\node\render.js (3865 modules)
Web Bundled 52230ms node_modules\expo-router\entry.js (3842 modules)

ÔÇ║ web bundles (2):
_expo/static/css/web-d1312017aa04f51758225d9df0d40584.css (65.7 kB)
_expo/static/js/web/entry-b0b39e1bc2f2c1c0bd72fa81295abd90.js (5.61 MB)

ÔÇ║ Static routes (22):
/list (41.9 kB)
/deals (18.7 kB)
/modal (19 kB)
/ (index) (44.8 kB)
/search (30.6 kB)
/recipes (36.7 kB)
/scanner (18.6 kB)
/profile (44.7 kB)
/finances (31.7 kB)
/settings (33.4 kB)
/_sitemap (18.1 kB)
/favorites (26 kB)
/+not-found (18.7 kB)
/onboarding (22.5 kB)
/(tabs)/list (41.9 kB)
/(tabs) (44.8 kB)
/notifications (32 kB)
/(tabs)/search (30.6 kB)
/receipt-result (25.9 kB)
/(tabs)/profile (44.7 kB)
/scanner_placeholder (30.4 kB)
/(tabs)/scanner_placeholder (30.4 kB)

Exported: dist
